2023-09-28 09:47:51,288 DEBUG __main__ This is a debug message
2023-09-28 09:47:51,288 INFO __main__ This is an info message
2023-09-28 09:47:51,288 WARNING __main__ This is a warning message
2023-09-28 09:47:51,288 ERROR __main__ This is an error message
2023-09-28 09:47:51,288 CRITICAL __main__ This is a critical message
2023-09-28 11:47:24,354 DEBUG __main__ debug message
2023-09-28 11:47:24,354 INFO __main__ info message
2023-09-28 11:47:24,354 WARNING __main__ warning message
2023-09-28 11:47:24,354 ERROR __main__ error message
2023-09-28 12:11:00,607 DEBUG logger debug message
2023-09-28 12:11:00,607 INFO logger info message
2023-09-28 12:11:00,607 WARNING logger warning message
2023-09-28 12:11:00,607 ERROR logger error message
2023-09-28 12:11:44,738 DEBUG logger debug message
2023-09-28 12:11:44,738 INFO logger info message
2023-09-28 12:11:44,738 WARNING logger warning message
2023-09-28 12:11:44,738 ERROR logger error message
2023-09-28 12:12:02,198 DEBUG logger debug message
2023-09-28 12:12:02,198 INFO logger info message
2023-09-28 12:12:02,198 WARNING logger warning message
2023-09-28 12:12:02,198 ERROR logger error message
2023-09-28 12:12:35,217 DEBUG logger debug message
2023-09-28 12:12:35,217 INFO logger info message
2023-09-28 12:12:35,217 WARNING logger warning message
2023-09-28 12:12:35,217 ERROR logger error message
2023-09-28 12:12:54,093 DEBUG logger debug message
2023-09-28 12:12:54,093 INFO logger info message
2023-09-28 12:12:54,093 WARNING logger warning message
2023-09-28 12:12:54,093 ERROR logger error message
2023-09-28 12:16:35,828 DEBUG logger debug message
2023-09-28 12:16:35,829 INFO logger info message
2023-09-28 12:16:35,829 WARNING logger warning message
2023-09-28 12:16:35,829 ERROR logger error message
2023-09-28 12:24:38,758 DEBUG logger debug message
2023-09-28 12:24:38,758 INFO logger info message
2023-09-28 12:24:38,758 WARNING logger warning message
2023-09-28 12:24:38,758 ERROR logger error message
2023-09-28 13:33:47,055 DEBUG logger debug message
2023-09-28 13:33:47,055 INFO logger info message
2023-09-28 13:33:47,055 WARNING logger warning message
2023-09-28 13:33:47,055 ERROR logger error message
2023-09-28 13:47:17,463 DEBUG logger debug message
2023-09-28 13:47:17,463 INFO logger info message
2023-09-28 13:47:17,463 WARNING logger warning message
2023-09-28 13:47:17,463 ERROR logger error message
2023-09-28 13:47:59,223 DEBUG logger debug message
2023-09-28 13:47:59,223 INFO logger info message
2023-09-28 13:47:59,223 WARNING logger warning message
2023-09-28 13:47:59,224 ERROR logger error message
2023-09-28 13:48:44,686 DEBUG logger debug message
2023-09-28 13:48:44,688 INFO logger info message
2023-09-28 13:48:44,688 WARNING logger warning message
2023-09-28 13:48:44,688 ERROR logger error message
2023-09-28 13:49:40,177 DEBUG logger debug message
2023-09-28 13:49:40,177 INFO logger info message
2023-09-28 13:49:40,177 WARNING logger warning message
2023-09-28 13:49:40,177 ERROR logger error message
2023-09-28 13:49:55,521 DEBUG logger debug message
2023-09-28 13:49:55,521 INFO logger info message
2023-09-28 13:49:55,521 WARNING logger warning message
2023-09-28 13:49:55,521 ERROR logger error message
2023-09-28 15:19:52,479 DEBUG logger debug message
2023-09-28 15:19:52,479 INFO logger info message
2023-09-28 15:19:52,479 WARNING logger warning message
2023-09-28 15:19:52,479 ERROR logger error message
2023-09-28 15:20:16,918 DEBUG logger debug message
2023-09-28 15:20:16,919 INFO logger info message
2023-09-28 15:20:16,919 WARNING logger warning message
2023-09-28 15:20:16,919 ERROR logger error message
